0 verbose cli /usr/local/bin/node /usr/local/bin/npm
1 info using npm@10.9.3
2 info using node@v22.19.0
3 silly config load:file:/usr/local/lib/node_modules/npm/npmrc
4 silly config load:file:/Users/geetanshgoyal/Desktop/Bug_Bash/.npmrc
5 silly config load:file:/usr/local/etc/npmrc
6 verbose title npm rebuild better-sqlite3
7 verbose argv "rebuild" "better-sqlite3"
8 verbose logfile logs-max:10 dir:/Users/geetanshgoyal/Desktop/Bug_Bash/.npm/_logs/2025-09-24T04_57_36_341Z-
9 verbose logfile /Users/geetanshgoyal/Desktop/Bug_Bash/.npm/_logs/2025-09-24T04_57_36_341Z-debug-0.log
10 silly logfile done cleaning log files
11 silly packumentCache heap:4345298944 maxSize:1086324736 maxEntrySize:543162368
12 verbose shrinkwrap failed to load node_modules/.package-lock.json out of date, updated: node_modules/better-sqlite3
13 info run better-sqlite3@12.4.1 install node_modules/better-sqlite3 prebuild-install || node-gyp rebuild --release
14 info run better-sqlite3@12.4.1 install { code: 0, signal: null }
15 verbose cwd /Users/geetanshgoyal/Desktop/Bug_Bash
16 verbose os Darwin 25.0.0
17 verbose node v22.19.0
18 verbose npm  v10.9.3
19 verbose exit 0
20 info ok
